SF:lib/presentation/kitty_facts/widgets/kitty_fact_card.dart
DA:7,1
DA:14,1
DA:16,1
DA:17,2
DA:19,1
DA:21,1
DA:22,2
DA:23,2
DA:31,1
DA:40,1
DA:42,1
DA:44,1
DA:47,1
DA:48,1
DA:52,1
DA:55,1
DA:60,1
DA:63,1
DA:64,1
DA:65,1
DA:66,3
DA:74,1
DA:75,4
DA:76,2
LF:24
LH:24
end_of_record
SF:lib/utils/date_utils/date_formatter.dart
DA:3,3
LF:1
LH:1
end_of_record
SF:lib/generated/localization/localization.dart
DA:16,0
DA:21,0
DA:31,1
DA:32,1
DA:38,0
DA:39,0
DA:43,1
DA:44,2
DA:45,1
DA:51,1
DA:52,1
DA:53,3
DA:54,1
DA:55,1
DA:64,1
DA:66,2
DA:68,0
DA:71,1
DA:72,1
DA:74,1
DA:75,1
DA:77,1
DA:79,2
DA:80,3
LF:24
LH:19
end_of_record
SF:lib/presentation/design_system/theme/kitty_theme.dart
DA:3,1
DA:4,1
DA:5,1
DA:13,1
DA:16,1
DA:26,1
DA:27,2
LF:7
LH:7
end_of_record
SF:lib/domain/kitty_fact/kitty_fact.g.dart
DA:13,0
DA:15,0
DA:16,0
DA:17,0
DA:19,0
DA:20,0
DA:21,0
DA:22,0
DA:23,0
DA:27,0
DA:30,0
DA:31,0
DA:32,0
DA:33,0
DA:34,0
DA:35,0
DA:36,0
DA:37,0
DA:38,0
DA:41,0
DA:42,0
DA:44,0
DA:47,0
DA:48,0
DA:49,0
LF:25
LH:0
end_of_record
SF:lib/generated/localization/generated/intl/messages_all.dart
DA:21,3
DA:22,2
DA:25,1
DA:27,1
DA:28,1
DA:35,1
DA:36,1
DA:37,3
DA:38,0
DA:40,0
DA:42,2
DA:43,2
DA:44,3
DA:45,2
DA:46,1
DA:49,1
DA:51,1
DA:57,1
DA:59,1
DA:61,1
LF:20
LH:18
end_of_record
SF:lib/generated/localization/generated/intl/messages_en.dart
DA:16,3
DA:21,0
DA:24,2
DA:25,1
DA:27,1
DA:29,1
DA:30,1
DA:32,1
DA:33,1
DA:34,1
DA:36,1
LF:11
LH:10
end_of_record
SF:lib/generated/localization/generated/l10n.dart
DA:16,1
DA:20,0
DA:21,0
DA:28,0
DA:29,0
DA:30,0
DA:31,0
DA:32,0
DA:33,0
DA:34,0
DA:35,0
DA:42,0
DA:43,0
DA:44,0
DA:49,0
DA:50,0
DA:55,0
DA:56,0
DA:60,0
DA:65,0
DA:66,0
DA:70,0
DA:75,0
DA:76,0
DA:80,0
DA:85,0
DA:86,0
DA:90,0
DA:95,0
DA:96,0
DA:100,0
DA:105,0
DA:106,0
DA:110,0
DA:115,0
DA:116,0
DA:120,0
DA:125,0
DA:126,0
DA:130,0
DA:137,2
DA:139,1
DA:145,0
DA:146,0
DA:147,0
DA:149,0
DA:150,0
DA:153,0
DA:154,0
DA:155,0
LF:50
LH:3
end_of_record
SF:lib/presentation/kitty_facts/widgets/kitty_fact_image_card.dart
DA:6,1
DA:17,1
DA:18,1
DA:20,0
DA:22,1
DA:26,1
DA:28,1
DA:30,1
DA:32,1
DA:34,1
DA:35,1
DA:36,1
DA:37,1
DA:41,0
DA:42,3
LF:15
LH:13
end_of_record
SF:lib/application/kitty_facts/kitty_random_fact_models.dart
DA:10,0
LF:1
LH:0
end_of_record
SF:lib/application/kitty_facts/kitty_random_fact_bloc.dart
DA:13,0
DA:16,0
DA:17,0
DA:24,0
DA:25,0
DA:26,0
DA:28,0
DA:29,0
DA:30,0
DA:31,0
DA:33,0
DA:36,0
DA:38,0
DA:43,0
DA:44,0
DA:47,0
DA:49,0
DA:51,0
DA:52,0
LF:19
LH:0
end_of_record
SF:lib/domain/kitty_fact/repositories/i_kitty_facts_repository.dart
DA:9,0
LF:1
LH:0
end_of_record
SF:lib/utils/functional_utils/functional_utils.dart
DA:1,0
LF:1
LH:0
end_of_record
SF:lib/domain/kitty_fact/repositories/failure.dart
DA:2,0
LF:1
LH:0
end_of_record
SF:lib/domain/reactive_repository/reactive_repository.dart
DA:43,0
DA:46,0
DA:49,0
DA:52,0
DA:53,0
DA:60,0
DA:66,0
DA:67,0
LF:8
LH:0
end_of_record
